-outxml
-source
1.6
-target
1.6
-classpath
C:\Users\YG\.m2\repository\aopalliance\aopalliance\1.0\aopalliance-1.0.jar;C:\Users\YG\.m2\repository\commons-fileupload\commons-fileupload\1.2.2\commons-fileupload-1.2.2.jar;C:\Users\YG\.m2\repository\commons-io\commons-io\2.0.1\commons-io-2.0.1.jar;C:\Users\YG\.m2\repository\javax\inject\javax.inject\1\javax.inject-1.jar;C:\Users\YG\.m2\repository\javax\servlet\jstl\1.2\jstl-1.2.jar;C:\Users\YG\.m2\repository\javax\servlet\servlet-api\2.5\servlet-api-2.5.jar;C:\Users\YG\.m2\repository\javax\servlet\jsp\jsp-api\2.1\jsp-api-2.1.jar;C:\Users\YG\.m2\repository\javax\validation\validation-api\1.0.0.GA\validation-api-1.0.0.GA.jar;C:\Users\YG\.m2\repository\joda-time\joda-time\2.0\joda-time-2.0.jar;C:\Users\YG\.m2\repository\junit\junit\4.7\junit-4.7.jar;C:\Users\YG\.m2\repository\log4j\log4j\1.2.16\log4j-1.2.16.jar;C:\Users\YG\.m2\repository\net\sourceforge\jtds\jtds\1.2.4\jtds-1.2.4.jar;C:\Users\YG\.m2\repository\org\apache\poi\poi\3.7\poi-3.7.jar;C:\Users\YG\.m2\repository\org\aspectj\aspectjrt\1.6.9\aspectjrt-1.6.9.jar;C:\Users\YG\.m2\repository\org\aspectj\aspectjweaver\1.6.8\aspectjweaver-1.6.8.jar;C:\Users\YG\.m2\repository\org\codehaus\jackson\jackson-core-asl\1.8.4\jackson-core-asl-1.8.4.jar;C:\Users\YG\.m2\repository\org\codehaus\jackson\jackson-mapper-asl\1.8.4\jackson-mapper-asl-1.8.4.jar;C:\Users\YG\.m2\repository\org\hibernate\hibernate-validator\4.2.0.Final\hibernate-validator-4.2.0.Final.jar;C:\Users\YG\.m2\repository\org\slf4j\jcl-over-slf4j\1.5.10\jcl-over-slf4j-1.5.10.jar;C:\Users\YG\.m2\repository\org\slf4j\slf4j-api\1.5.10\slf4j-api-1.5.10.jar;C:\Users\YG\.m2\repository\org\slf4j\slf4j-log4j12\1.5.10\slf4j-log4j12-1.5.10.jar;C:\Users\YG\.m2\repository\org\springframework\spring-aop\3.0.5.RELEASE\spring-aop-3.0.5.RELEASE.jar;C:\Users\YG\.m2\repository\org\springframework\spring-asm\3.0.5.RELEASE\spring-asm-3.0.5.RELEASE.jar;C:\Users\YG\.m2\repository\org\springframework\spring-beans\3.0.5.RELEASE\spring-beans-3.0.5.RELEASE.jar;C:\Users\YG\.m2\repository\org\springframework\spring-context\3.0.5.RELEASE\spring-context-3.0.5.RELEASE.jar;C:\Users\YG\.m2\repository\org\springframework\spring-context-support\3.0.5.RELEASE\spring-context-support-3.0.5.RELEASE.jar;C:\Users\YG\.m2\repository\org\springframework\spring-core\3.0.5.RELEASE\spring-core-3.0.5.RELEASE.jar;C:\Users\YG\.m2\repository\org\springframework\spring-expression\3.0.5.RELEASE\spring-expression-3.0.5.RELEASE.jar;C:\Users\YG\.m2\repository\org\springframework\spring-jdbc\3.0.5.RELEASE\spring-jdbc-3.0.5.RELEASE.jar;C:\Users\YG\.m2\repository\org\springframework\spring-tx\3.0.5.RELEASE\spring-tx-3.0.5.RELEASE.jar;C:\Users\YG\.m2\repository\org\springframework\spring-web\3.0.5.RELEASE\spring-web-3.0.5.RELEASE.jar;C:\Users\YG\.m2\repository\org\springframework\spring-webmvc\3.0.5.RELEASE\spring-webmvc-3.0.5.RELEASE.jar;C:\Users\YG\.m2\repository\org\springframework\roo\org.springframework.roo.annotations\1.0.2.RELEASE\org.springframework.roo.annotations-1.0.2.RELEASE.jar;C:\Users\YG\.m2\repository\org\springframework\security\spring-security-config\3.0.5.RELEASE\spring-security-config-3.0.5.RELEASE.jar;C:\Users\YG\.m2\repository\org\springframework\security\spring-security-core\3.0.5.RELEASE\spring-security-core-3.0.5.RELEASE.jar;C:\Users\YG\.m2\repository\org\springframework\security\spring-security-web\3.0.5.RELEASE\spring-security-web-3.0.5.RELEASE.jar;D:\gitProject\Hanaro\Hanaro\target\classes
-d
D:\gitProject\Hanaro\Hanaro\target\classes
D:\gitProject\Hanaro\Hanaro\src\main\java\com\samsong\erp\service\HomeServiceImpl.java
D:\gitProject\Hanaro\Hanaro\src\main\java\com\samsong\erp\util\HanaroAuthenticationFilter.java
D:\gitProject\Hanaro\Hanaro\src\main\java\com\samsong\erp\service\cust\CustManagementServiceImpl.java
D:\gitProject\Hanaro\Hanaro\src\main\java\com\samsong\erp\service\cust\CustManagementService.java
D:\gitProject\Hanaro\Hanaro\src\main\java\com\samsong\erp\ctrl\quality\IssueListController.java
D:\gitProject\Hanaro\Hanaro\src\main\java\com\samsong\erp\ctrl\HomeController.java
D:\gitProject\Hanaro\Hanaro\src\main\java\com\samsong\erp\service\HomeService.java
D:\gitProject\Hanaro\Hanaro\src\main\java\com\samsong\erp\model\quality\NcrInformSheet.java
D:\gitProject\Hanaro\Hanaro\src\main\java\com\samsong\erp\dao\HomeDAO.java
D:\gitProject\Hanaro\Hanaro\src\main\java\com\samsong\erp\model\quality\QualityIssueRegSheet.java
D:\gitProject\Hanaro\Hanaro\src\main\java\com\samsong\erp\util\ClientFileNameEncoder.java
D:\gitProject\Hanaro\Hanaro\src\main\java\com\samsong\erp\ctrl\LoginController.java
D:\gitProject\Hanaro\Hanaro\src\main\java\com\samsong\erp\ctrl\quality\NcrManageListController.java
D:\gitProject\Hanaro\Hanaro\src\main\java\com\samsong\erp\dao\quality\QualityIssueDAO.java
D:\gitProject\Hanaro\Hanaro\src\main\java\com\samsong\erp\ctrl\quality\IssueAcceptController.java
D:\gitProject\Hanaro\Hanaro\src\main\java\com\samsong\erp\model\quality\IssueApproval.java
D:\gitProject\Hanaro\Hanaro\src\main\java\com\samsong\erp\service\quality\QualityIssueService.java
D:\gitProject\Hanaro\Hanaro\src\main\java\com\samsong\erp\util\HashMapComparator.java
D:\gitProject\Hanaro\Hanaro\src\main\java\com\samsong\erp\ctrl\cust\CustManagementController.java
D:\gitProject\Hanaro\Hanaro\src\main\java\com\samsong\erp\dao\cust\CustManagementDAO.java
D:\gitProject\Hanaro\Hanaro\src\main\java\com\samsong\erp\ctrl\quality\QualityIssueController.java
D:\gitProject\Hanaro\Hanaro\src\main\java\com\samsong\erp\service\quality\QualityIssueServiceImpl.java
